 [2023-01-25T13:48:37.635Z] 
 Level: error 
 Message: employee.controllers.ts (data-access) getEmployee - Error: No existen empleados disponibles 

 [2023-01-25T13:51:32.330Z] 
 Level: error 
 Message: employee.controllers.ts (data-access) getEmployee - Error: No existen empleados disponibles 

 [2023-01-25T13:54:31.401Z] 
 Level: error 
 Message: employee.controllers.ts (data-access) getEmployee - Error: No existen empleados disponibles 

 [2023-01-25T13:58:35.467Z] 
 Level: error 
 Message: employee.controllers.ts (data-access) getEmployee - Error: No existen empleados disponibles 

 [2023-01-25T13:59:53.337Z] 
 Level: info 
 Message: employee.controllers.ts (data-access) getEmployee 

 [2023-01-25T14:00:34.703Z] 
 Level: info 
 Message: employee.controllers.ts (data-access) getEmployee 

 [2023-01-25T14:05:06.671Z] 
 Level: info 
 Message: employee.controllers.ts (data-access) getEmployee 

 [2023-01-25T14:05:07.818Z] 
 Level: info 
 Message: employee.controllers.ts (data-access) getEmployee 

 [2023-01-25T14:06:00.776Z] 
 Level: info 
 Message: employee.controllers.ts (data-access) getEmployee 

 [2023-01-25T14:13:43.514Z] 
 Level: info 
 Message: employee.controllers.ts (data-access) getEmployee 

 [2023-01-25T14:13:43.522Z] 
 Level: info 
 Message: employee.controllers.ts (data-access) getEmployee 

 [2023-01-25T14:15:09.617Z] 
 Level: info 
 Message: Employee.controllers.ts (data-access) updateEmployee - Request : {"first_name":"Admin","last_name":"Admin","email":"admin@chronos.com","company_id":null,"dni":"34390098"} 

 [2023-01-25T14:15:12.732Z] 
 Level: info 
 Message: employee.controllers.ts (data-access) getEmployee 

 [2023-01-25T14:15:12.744Z] 
 Level: info 
 Message: employee.controllers.ts (data-access) getEmployee 

 [2023-01-25T14:15:21.547Z] 
 Level: info 
 Message: Employee.controllers.ts (data-access) updateEmployee - Request : {"first_name":"Admin","last_name":"Admin","email":"admin@chronos.com","company_id":null,"dni":"34390097"} 

 [2023-01-25T14:15:46.931Z] 
 Level: info 
 Message: employee.controllers.ts (data-access) createUser - Request : {"first_name":"Test","last_name":"Test","email":"test@test.com","dni":"154541"} 

 [2023-01-25T14:15:46.966Z] 
 Level: info 
 Message: employee.controllers.ts (data-access) getEmployee 

 [2023-01-25T14:15:51.628Z] 
 Level: info 
 Message: Employee.controllers.ts (data-access) deleteEmployee - Request : {"id":"3"} 

 [2023-01-25T14:15:54.112Z] 
 Level: info 
 Message: employee.controllers.ts (data-access) getEmployee 

 [2023-01-25T14:15:54.130Z] 
 Level: info 
 Message: employee.controllers.ts (data-access) getEmployee 

 [2023-01-25T14:39:46.301Z] 
 Level: info 
 Message: company.controllers.ts (data-access) getCompany 

 [2023-01-25T14:41:27.868Z] 
 Level: info 
 Message: company.controllers.ts (data-access) getCompany 

