 [2023-01-26T15:47:30.127Z] 
 Level: info 
 Message: employee.controllers.ts (data-access) getEmployee 

 [2023-01-26T15:47:30.143Z] 
 Level: info 
 Message: employee.controllers.ts (data-access) getEmployee 

 [2023-01-26T15:47:30.146Z] 
 Level: info 
 Message: company.controllers.ts (data-access) getCompany 

 [2023-01-26T15:47:30.149Z] 
 Level: info 
 Message: company.controllers.ts (data-access) getCompany 

 [2023-01-26T15:47:45.332Z] 
 Level: info 
 Message: employee.controllers.ts (data-access) getEmployee 

 [2023-01-26T15:47:45.336Z] 
 Level: info 
 Message: company.controllers.ts (data-access) getCompany 

 [2023-01-26T15:47:45.342Z] 
 Level: info 
 Message: employee.controllers.ts (data-access) getEmployee 

 [2023-01-26T15:47:45.346Z] 
 Level: info 
 Message: company.controllers.ts (data-access) getCompany 

 [2023-01-26T15:48:35.976Z] 
 Level: error 
 Message: employee.controllers.ts (data-access) getEmployeeById - QueryFailedError: ER_BAD_FIELD_ERROR: Unknown column 'NaN' in 'where clause' - Request : {"id":"nouser"} 

 [2023-01-26T15:48:35.988Z] 
 Level: error 
 Message: employee.controllers.ts (data-access) getEmployeeById - QueryFailedError: ER_BAD_FIELD_ERROR: Unknown column 'NaN' in 'where clause' - Request : {"id":"names"} 

 [2023-01-26T15:48:36.003Z] 
 Level: error 
 Message: employee.controllers.ts (data-access) getEmployeeById - QueryFailedError: ER_BAD_FIELD_ERROR: Unknown column 'NaN' in 'where clause' - Request : {"id":"nouser"} 

 [2023-01-26T15:48:36.009Z] 
 Level: error 
 Message: employee.controllers.ts (data-access) getEmployeeById - QueryFailedError: ER_BAD_FIELD_ERROR: Unknown column 'NaN' in 'where clause' - Request : {"id":"names"} 

 [2023-01-26T16:03:33.301Z] 
 Level: error 
 Message: employee.controllers.ts (data-access) getEmployeeById - QueryFailedError: ER_BAD_FIELD_ERROR: Unknown column 'NaN' in 'where clause' - Request : {"id":"nouser"} 

 [2023-01-26T16:03:33.321Z] 
 Level: error 
 Message: employee.controllers.ts (data-access) getEmployeeById - QueryFailedError: ER_BAD_FIELD_ERROR: Unknown column 'NaN' in 'where clause' - Request : {"id":"names"} 

 [2023-01-26T16:03:33.328Z] 
 Level: error 
 Message: employee.controllers.ts (data-access) getEmployeeById - QueryFailedError: ER_BAD_FIELD_ERROR: Unknown column 'NaN' in 'where clause' - Request : {"id":"nouser"} 

 [2023-01-26T16:03:33.342Z] 
 Level: error 
 Message: employee.controllers.ts (data-access) getEmployeeById - QueryFailedError: ER_BAD_FIELD_ERROR: Unknown column 'NaN' in 'where clause' - Request : {"id":"names"} 

 [2023-01-26T16:03:56.592Z] 
 Level: error 
 Message: employee.controllers.ts (data-access) getEmployeeById - QueryFailedError: ER_BAD_FIELD_ERROR: Unknown column 'NaN' in 'where clause' - Request : {"id":"nouser"} 

 [2023-01-26T16:03:56.615Z] 
 Level: error 
 Message: employee.controllers.ts (data-access) getEmployeeById - QueryFailedError: ER_BAD_FIELD_ERROR: Unknown column 'NaN' in 'where clause' - Request : {"id":"names"} 

 [2023-01-26T16:03:56.630Z] 
 Level: error 
 Message: employee.controllers.ts (data-access) getEmployeeById - QueryFailedError: ER_BAD_FIELD_ERROR: Unknown column 'NaN' in 'where clause' - Request : {"id":"names"} 

 [2023-01-26T16:03:56.660Z] 
 Level: error 
 Message: employee.controllers.ts (data-access) getEmployeeById - QueryFailedError: ER_BAD_FIELD_ERROR: Unknown column 'NaN' in 'where clause' - Request : {"id":"nouser"} 

 [2023-01-26T16:05:41.234Z] 
 Level: info 
 Message: company.controllers.ts (data-access) getCompany 

 [2023-01-26T16:06:44.892Z] 
 Level: info 
 Message: User.controllers.ts (data-access) getUser 

 [2023-01-26T16:06:49.025Z] 
 Level: info 
 Message: User.controllers.ts (data-access) getUser 

 [2023-01-26T16:06:49.069Z] 
 Level: error 
 Message: employee.controllers.ts (data-access) getEmployeeById - QueryFailedError: ER_BAD_FIELD_ERROR: Unknown column 'NaN' in 'where clause' - Request : {"id":"nouser"} 

 [2023-01-26T16:06:49.083Z] 
 Level: info 
 Message: User.controllers.ts (data-access) getUser 

 [2023-01-26T16:06:49.087Z] 
 Level: error 
 Message: employee.controllers.ts (data-access) getEmployeeById - QueryFailedError: ER_BAD_FIELD_ERROR: Unknown column 'NaN' in 'where clause' - Request : {"id":"names"} 

 [2023-01-26T16:06:49.092Z] 
 Level: error 
 Message: employee.controllers.ts (data-access) getEmployeeById - QueryFailedError: ER_BAD_FIELD_ERROR: Unknown column 'NaN' in 'where clause' - Request : {"id":"nouser"} 

 [2023-01-26T16:06:49.095Z] 
 Level: error 
 Message: employee.controllers.ts (data-access) getEmployeeById - QueryFailedError: ER_BAD_FIELD_ERROR: Unknown column 'NaN' in 'where clause' - Request : {"id":"names"} 

 [2023-01-26T16:08:13.926Z] 
 Level: info 
 Message: User.controllers.ts (data-access) getUser 

 [2023-01-26T16:08:13.935Z] 
 Level: error 
 Message: employee.controllers.ts (data-access) getEmployeeById - QueryFailedError: ER_BAD_FIELD_ERROR: Unknown column 'NaN' in 'where clause' - Request : {"id":"names"} 

 [2023-01-26T16:08:13.938Z] 
 Level: error 
 Message: employee.controllers.ts (data-access) getEmployeeById - QueryFailedError: ER_BAD_FIELD_ERROR: Unknown column 'NaN' in 'where clause' - Request : {"id":"nouser"} 

 [2023-01-26T16:08:27.213Z] 
 Level: info 
 Message: User.controllers.ts (data-access) getUser 

 [2023-01-26T16:08:27.217Z] 
 Level: error 
 Message: employee.controllers.ts (data-access) getEmployeeById - QueryFailedError: ER_BAD_FIELD_ERROR: Unknown column 'NaN' in 'where clause' - Request : {"id":"nouser"} 

 [2023-01-26T16:08:27.220Z] 
 Level: error 
 Message: employee.controllers.ts (data-access) getEmployeeById - QueryFailedError: ER_BAD_FIELD_ERROR: Unknown column 'NaN' in 'where clause' - Request : {"id":"names"} 

 [2023-01-26T17:24:02.387Z] 
 Level: error 
 Message: employee.controllers.ts (data-access) getEmployeeById - QueryFailedError: ER_BAD_FIELD_ERROR: Unknown column 'NaN' in 'where clause' - Request : {"id":"nouser"} 

 [2023-01-26T17:24:38.813Z] 
 Level: error 
 Message: employee.controllers.ts (data-access) getEmployeeById - QueryFailedError: ER_BAD_FIELD_ERROR: Unknown column 'NaN' in 'where clause' - Request : {"id":"nouser"} 

 [2023-01-26T17:25:55.884Z] 
 Level: error 
 Message: employee.controllers.ts (data-access) getEmployeeById - QueryFailedError: ER_BAD_FIELD_ERROR: Unknown column 'NaN' in 'where clause' - Request : {"id":"nouser"} 

 [2023-01-26T17:30:14.306Z] 
 Level: error 
 Message: employee.controllers.ts (data-access) getEmployeeById - QueryFailedError: ER_BAD_FIELD_ERROR: Unknown column 'NaN' in 'where clause' - Request : {"id":"nouser"} 

 [2023-01-26T17:30:56.290Z] 
 Level: error 
 Message: employee.controllers.ts (data-access) getEmployeeById - QueryFailedError: ER_BAD_FIELD_ERROR: Unknown column 'NaN' in 'where clause' - Request : {"id":"nouser"} 

 [2023-01-26T17:32:31.811Z] 
 Level: error 
 Message: employee.controllers.ts (data-access) getEmployee - QueryFailedError: ER_PARSE_ERROR: You have an error in your SQL syntax; check the manual that corresponds to your MySQL server version for the right syntax to use near 'FROM employee' at line 1 

 [2023-01-26T17:32:53.740Z] 
 Level: info 
 Message: employee.controllers.ts (data-access) getEmployee 

 [2023-01-26T17:33:10.509Z] 
 Level: info 
 Message: employee.controllers.ts (data-access) getEmployee 

 [2023-01-26T17:33:53.377Z] 
 Level: error 
 Message: employee.controllers.ts (data-access) getEmployeeById - QueryFailedError: ER_BAD_FIELD_ERROR: Unknown column 'NaN' in 'where clause' - Request : {"id":"nouser"} 

 [2023-01-26T17:34:21.942Z] 
 Level: error 
 Message: employee.controllers.ts (data-access) getEmployee - Error: No existen empleados disponibles 

 [2023-01-26T17:34:42.475Z] 
 Level: error 
 Message: employee.controllers.ts (data-access) getEmployee - Error: No existen empleados disponibles 

 [2023-01-26T17:34:42.482Z] 
 Level: info 
 Message: User.controllers.ts (data-access) getUser 

 [2023-01-26T17:34:42.521Z] 
 Level: error 
 Message: employee.controllers.ts (data-access) getEmployeeById - QueryFailedError: ER_BAD_FIELD_ERROR: Unknown column 'NaN' in 'where clause' - Request : {"id":"names"} 

 [2023-01-26T17:34:58.946Z] 
 Level: info 
 Message: User.controllers.ts (data-access) getUser 

 [2023-01-26T17:34:58.952Z] 
 Level: error 
 Message: employee.controllers.ts (data-access) getEmployee - Error: No existen empleados disponibles 

 [2023-01-26T17:34:58.956Z] 
 Level: info 
 Message: employee.controllers.ts (data-access) getEmployee 

 [2023-01-26T17:38:29.109Z] 
 Level: info 
 Message: User.controllers.ts (data-access) getUser 

 [2023-01-26T17:38:29.113Z] 
 Level: info 
 Message: employee.controllers.ts (data-access) getEmployee 

 [2023-01-26T17:38:29.117Z] 
 Level: error 
 Message: employee.controllers.ts (data-access) getEmployee - Error: No existen empleados disponibles 

 [2023-01-26T17:38:29.121Z] 
 Level: info 
 Message: User.controllers.ts (data-access) getUser 

 [2023-01-26T17:38:29.127Z] 
 Level: info 
 Message: employee.controllers.ts (data-access) getEmployee 

 [2023-01-26T17:38:29.128Z] 
 Level: error 
 Message: employee.controllers.ts (data-access) getEmployee - Error: No existen empleados disponibles 

 [2023-01-26T17:39:19.992Z] 
 Level: info 
 Message: User.controllers.ts (data-access) getUser 

 [2023-01-26T17:39:19.995Z] 
 Level: info 
 Message: employee.controllers.ts (data-access) getEmployee 

 [2023-01-26T17:39:19.997Z] 
 Level: error 
 Message: employee.controllers.ts (data-access) getEmployee - Error: No existen empleados disponibles 

 [2023-01-26T17:39:51.249Z] 
 Level: info 
 Message: User.controllers.ts (data-access) getUser 

 [2023-01-26T17:39:51.253Z] 
 Level: info 
 Message: employee.controllers.ts (data-access) getEmployee 

 [2023-01-26T17:39:51.255Z] 
 Level: error 
 Message: employee.controllers.ts (data-access) getEmployee - Error: No existen empleados disponibles 

 [2023-01-26T17:41:10.918Z] 
 Level: info 
 Message: employee.controllers.ts (data-access) getEmployee 

 [2023-01-26T17:41:10.928Z] 
 Level: info 
 Message: employee.controllers.ts (data-access) getEmployee 

 [2023-01-26T17:41:10.931Z] 
 Level: info 
 Message: company.controllers.ts (data-access) getCompany 

 [2023-01-26T17:41:10.932Z] 
 Level: info 
 Message: company.controllers.ts (data-access) getCompany 

 [2023-01-26T17:41:30.586Z] 
 Level: info 
 Message: employee.controllers.ts (data-access) createUser - Request : {"first_name":"Test","last_name":"Test","email":"test@hotmail.com","company_id":"2","dni":"112545"} 

 [2023-01-26T17:41:30.599Z] 
 Level: info 
 Message: employee.controllers.ts (data-access) getEmployee 

 [2023-01-26T17:41:32.078Z] 
 Level: info 
 Message: User.controllers.ts (data-access) getUser 

 [2023-01-26T17:41:32.083Z] 
 Level: info 
 Message: employee.controllers.ts (data-access) getEmployee 

 [2023-01-26T17:41:32.086Z] 
 Level: info 
 Message: employee.controllers.ts (data-access) getEmployee 

 [2023-01-26T17:41:32.092Z] 
 Level: info 
 Message: User.controllers.ts (data-access) getUser 

 [2023-01-26T17:41:32.096Z] 
 Level: info 
 Message: employee.controllers.ts (data-access) getEmployee 

 [2023-01-26T17:41:32.099Z] 
 Level: info 
 Message: employee.controllers.ts (data-access) getEmployee 

 [2023-01-26T17:41:51.189Z] 
 Level: info 
 Message: User.controllers.ts (data-access) getUser 

 [2023-01-26T17:41:51.192Z] 
 Level: info 
 Message: employee.controllers.ts (data-access) getEmployee 

 [2023-01-26T17:41:51.194Z] 
 Level: info 
 Message: employee.controllers.ts (data-access) getEmployee 

 [2023-01-26T17:42:32.118Z] 
 Level: info 
 Message: User.controllers.ts (data-access) getUser 

 [2023-01-26T17:42:32.122Z] 
 Level: info 
 Message: employee.controllers.ts (data-access) getEmployee 

 [2023-01-26T17:42:32.124Z] 
 Level: info 
 Message: employee.controllers.ts (data-access) getEmployee 

 [2023-01-26T17:42:47.161Z] 
 Level: info 
 Message: User.controllers.ts (data-access) getUser 

 [2023-01-26T17:42:47.164Z] 
 Level: info 
 Message: employee.controllers.ts (data-access) getEmployee 

 [2023-01-26T17:42:47.168Z] 
 Level: info 
 Message: employee.controllers.ts (data-access) getEmployee 

 [2023-01-26T17:42:47.183Z] 
 Level: info 
 Message: User.controllers.ts (data-access) getUser 

 [2023-01-26T17:42:47.185Z] 
 Level: info 
 Message: employee.controllers.ts (data-access) getEmployee 

 [2023-01-26T17:42:47.188Z] 
 Level: info 
 Message: employee.controllers.ts (data-access) getEmployee 

 [2023-01-26T17:42:55.372Z] 
 Level: info 
 Message: employee.controllers.ts (data-access) getEmployee 

 [2023-01-26T17:46:21.482Z] 
 Level: info 
 Message: User.controllers.ts (data-access) getUser 

 [2023-01-26T17:46:21.484Z] 
 Level: info 
 Message: employee.controllers.ts (data-access) getEmployee 

 [2023-01-26T17:46:21.487Z] 
 Level: info 
 Message: employee.controllers.ts (data-access) getEmployee 

 [2023-01-26T17:46:45.167Z] 
 Level: info 
 Message: User.controllers.ts (data-access) getUser 

 [2023-01-26T17:46:45.210Z] 
 Level: info 
 Message: employee.controllers.ts (data-access) getEmployee 

 [2023-01-26T17:46:45.226Z] 
 Level: info 
 Message: employee.controllers.ts (data-access) getEmployee 

 [2023-01-26T17:57:39.033Z] 
 Level: info 
 Message: User.controllers.ts (data-access) getUser 

 [2023-01-26T17:57:39.053Z] 
 Level: info 
 Message: employee.controllers.ts (data-access) getEmployee 

 [2023-01-26T17:57:39.055Z] 
 Level: info 
 Message: employee.controllers.ts (data-access) getEmployee 

 [2023-01-26T17:57:39.059Z] 
 Level: info 
 Message: employee.controllers.ts (data-access) getEmployee 

 [2023-01-26T17:57:39.062Z] 
 Level: info 
 Message: User.controllers.ts (data-access) getUser 

 [2023-01-26T17:57:39.068Z] 
 Level: info 
 Message: employee.controllers.ts (data-access) getEmployee 

 [2023-01-26T17:57:50.667Z] 
 Level: info 
 Message: Role.controllers.ts (data-access) getRole 

 [2023-01-26T17:58:15.591Z] 
 Level: info 
 Message: User.controllers.ts (data-access) getUser 

 [2023-01-26T17:58:15.595Z] 
 Level: info 
 Message: employee.controllers.ts (data-access) getEmployee 

 [2023-01-26T17:58:15.598Z] 
 Level: info 
 Message: employee.controllers.ts (data-access) getEmployee 

 [2023-01-26T17:58:15.603Z] 
 Level: info 
 Message: Role.controllers.ts (data-access) getRole 

 [2023-01-26T17:58:38.531Z] 
 Level: info 
 Message: User.controllers.ts (data-access) updateUser - Request : {"login_name":"Admin","role_id":"2","status":"1"} 

 [2023-01-26T17:58:45.123Z] 
 Level: info 
 Message: User.controllers.ts (data-access) updateUser - Request : {"login_name":"Admin","role_id":"1","status":"2"} 

 [2023-01-26T17:58:47.527Z] 
 Level: info 
 Message: User.controllers.ts (data-access) getUser 

 [2023-01-26T17:58:47.540Z] 
 Level: info 
 Message: employee.controllers.ts (data-access) getEmployee 

 [2023-01-26T17:58:47.544Z] 
 Level: info 
 Message: employee.controllers.ts (data-access) getEmployee 

 [2023-01-26T17:58:47.547Z] 
 Level: info 
 Message: Role.controllers.ts (data-access) getRole 

 [2023-01-26T17:58:47.568Z] 
 Level: info 
 Message: User.controllers.ts (data-access) getUser 

 [2023-01-26T17:58:47.571Z] 
 Level: info 
 Message: employee.controllers.ts (data-access) getEmployee 

 [2023-01-26T17:58:47.575Z] 
 Level: info 
 Message: employee.controllers.ts (data-access) getEmployee 

 [2023-01-26T17:58:47.577Z] 
 Level: info 
 Message: Role.controllers.ts (data-access) getRole 

 [2023-01-26T17:58:53.985Z] 
 Level: info 
 Message: User.controllers.ts (data-access) updateUser - Request : {"login_name":"Admin","role_id":1,"status":"1"} 

 [2023-01-26T18:01:56.165Z] 
 Level: info 
 Message: User.controllers.ts (data-access) getUser 

 [2023-01-26T18:01:56.167Z] 
 Level: info 
 Message: employee.controllers.ts (data-access) getEmployee 

 [2023-01-26T18:01:56.170Z] 
 Level: info 
 Message: employee.controllers.ts (data-access) getEmployee 

 [2023-01-26T18:01:56.173Z] 
 Level: info 
 Message: Role.controllers.ts (data-access) getRole 

 [2023-01-26T18:02:06.472Z] 
 Level: info 
 Message: User.controllers.ts (data-access) createUser - Request : {"login_name":"asasas","password":"mmnnj33n","status":"1","employee_id":5,"role_id":"1"} 

 [2023-01-26T18:02:06.507Z] 
 Level: info 
 Message: User.controllers.ts (data-access) getUser 

 [2023-01-26T18:02:10.427Z] 
 Level: info 
 Message: User.controllers.ts (data-access) deleteUser - Request : {"id":"51"} 

 [2023-01-26T18:08:49.509Z] 
 Level: info 
 Message: User.controllers.ts (data-access) getUser 

 [2023-01-26T18:08:49.519Z] 
 Level: info 
 Message: employee.controllers.ts (data-access) getEmployee 

 [2023-01-26T18:08:49.520Z] 
 Level: info 
 Message: employee.controllers.ts (data-access) getEmployee 

 [2023-01-26T18:08:49.523Z] 
 Level: info 
 Message: employee.controllers.ts (data-access) getEmployee 

 [2023-01-26T18:08:49.525Z] 
 Level: info 
 Message: User.controllers.ts (data-access) getUser 

 [2023-01-26T18:08:49.526Z] 
 Level: info 
 Message: Role.controllers.ts (data-access) getRole 

 [2023-01-26T18:08:49.528Z] 
 Level: info 
 Message: employee.controllers.ts (data-access) getEmployee 

 [2023-01-26T18:08:49.534Z] 
 Level: info 
 Message: Role.controllers.ts (data-access) getRole 

 [2023-01-26T18:19:09.205Z] 
 Level: info 
 Message: User.controllers.ts (data-access) getUser 

 [2023-01-26T18:19:09.210Z] 
 Level: info 
 Message: employee.controllers.ts (data-access) getEmployee 

 [2023-01-26T18:19:09.212Z] 
 Level: info 
 Message: employee.controllers.ts (data-access) getEmployee 

 [2023-01-26T18:19:09.216Z] 
 Level: info 
 Message: Role.controllers.ts (data-access) getRole 

 [2023-01-26T18:33:30.537Z] 
 Level: info 
 Message: User.controllers.ts (data-access) createUser - Request : {"login_name":"asas","password":"rcpa485l","status":"1","employee_id":5,"role_id":"1"} 

 [2023-01-26T18:33:30.550Z] 
 Level: info 
 Message: User.controllers.ts (data-access) getUser 

 [2023-01-26T18:34:59.580Z] 
 Level: info 
 Message: User.controllers.ts (data-access) deleteUser - Request : {"id":"52"} 

 [2023-01-26T18:35:12.505Z] 
 Level: info 
 Message: Email: [object Object] 

 [2023-01-26T18:35:12.514Z] 
 Level: info 
 Message: User.controllers.ts (data-access) createUser - Request : {"login_name":"asas","password":"hwofyaym","status":"1","employee_id":5,"role_id":"1"} 

 [2023-01-26T18:35:12.546Z] 
 Level: info 
 Message: User.controllers.ts (data-access) getUser 

 [2023-01-26T18:35:29.535Z] 
 Level: info 
 Message: employee.controllers.ts (data-access) getEmployee 

 [2023-01-26T18:35:29.542Z] 
 Level: info 
 Message: company.controllers.ts (data-access) getCompany 

 [2023-01-26T18:35:29.545Z] 
 Level: info 
 Message: employee.controllers.ts (data-access) getEmployee 

 [2023-01-26T18:35:29.548Z] 
 Level: info 
 Message: company.controllers.ts (data-access) getCompany 

 [2023-01-26T18:36:28.420Z] 
 Level: info 
 Message: Employee.controllers.ts (data-access) updateEmployee - Request : {"first_name":"Test","last_name":"Test","email":"varas.santiago@live.com","company_id":2,"dni":"112545"} 

 [2023-01-26T18:36:47.604Z] 
 Level: info 
 Message: User.controllers.ts (data-access) getUser 

 [2023-01-26T18:36:47.615Z] 
 Level: info 
 Message: employee.controllers.ts (data-access) getEmployee 

 [2023-01-26T18:36:47.617Z] 
 Level: info 
 Message: employee.controllers.ts (data-access) getEmployee 

 [2023-01-26T18:36:47.620Z] 
 Level: info 
 Message: Role.controllers.ts (data-access) getRole 

 [2023-01-26T18:36:47.622Z] 
 Level: error 
 Message: employee.controllers.ts (data-access) getEmployee - Error: No existen empleados disponibles 

 [2023-01-26T18:36:47.633Z] 
 Level: info 
 Message: User.controllers.ts (data-access) getUser 

 [2023-01-26T18:36:47.636Z] 
 Level: info 
 Message: Role.controllers.ts (data-access) getRole 

 [2023-01-26T18:36:47.639Z] 
 Level: error 
 Message: employee.controllers.ts (data-access) getEmployee - Error: No existen empleados disponibles 

 [2023-01-26T18:36:50.657Z] 
 Level: info 
 Message: User.controllers.ts (data-access) deleteUser - Request : {"id":"53"} 

 [2023-01-26T18:36:54.893Z] 
 Level: info 
 Message: User.controllers.ts (data-access) getUser 

 [2023-01-26T18:36:54.897Z] 
 Level: info 
 Message: employee.controllers.ts (data-access) getEmployee 

 [2023-01-26T18:36:54.900Z] 
 Level: info 
 Message: employee.controllers.ts (data-access) getEmployee 

 [2023-01-26T18:36:54.902Z] 
 Level: info 
 Message: Role.controllers.ts (data-access) getRole 

 [2023-01-26T18:36:54.908Z] 
 Level: info 
 Message: User.controllers.ts (data-access) getUser 

 [2023-01-26T18:36:54.910Z] 
 Level: info 
 Message: employee.controllers.ts (data-access) getEmployee 

 [2023-01-26T18:36:54.912Z] 
 Level: info 
 Message: Role.controllers.ts (data-access) getRole 

 [2023-01-26T18:36:54.914Z] 
 Level: info 
 Message: employee.controllers.ts (data-access) getEmployee 

 [2023-01-26T18:37:02.522Z] 
 Level: info 
 Message: Email: undefined 

 [2023-01-26T18:37:02.531Z] 
 Level: info 
 Message: User.controllers.ts (data-access) createUser - Request : {"login_name":"asas","password":"u9cjnylf","status":"1","employee_id":5,"role_id":"1"} 

 [2023-01-26T18:37:02.572Z] 
 Level: info 
 Message: User.controllers.ts (data-access) getUser 

 [2023-01-26T18:51:13.412Z] 
 Level: info 
 Message: User.controllers.ts (data-access) deleteUser - Request : {"id":"54"} 

 [2023-01-26T18:51:14.572Z] 
 Level: info 
 Message: User.controllers.ts (data-access) getUser 

 [2023-01-26T18:51:14.582Z] 
 Level: info 
 Message: User.controllers.ts (data-access) getUser 

 [2023-01-26T18:51:14.585Z] 
 Level: info 
 Message: employee.controllers.ts (data-access) getEmployee 

 [2023-01-26T18:51:14.587Z] 
 Level: info 
 Message: employee.controllers.ts (data-access) getEmployee 

 [2023-01-26T18:51:14.589Z] 
 Level: info 
 Message: Role.controllers.ts (data-access) getRole 

 [2023-01-26T18:51:14.594Z] 
 Level: info 
 Message: employee.controllers.ts (data-access) getEmployee 

 [2023-01-26T18:51:14.596Z] 
 Level: info 
 Message: employee.controllers.ts (data-access) getEmployee 

 [2023-01-26T18:51:14.598Z] 
 Level: info 
 Message: Role.controllers.ts (data-access) getRole 

 [2023-01-26T18:51:22.156Z] 
 Level: info 
 Message: Email: [object Object] 

 [2023-01-26T18:51:22.200Z] 
 Level: info 
 Message: User.controllers.ts (data-access) createUser - Request : {"login_name":"asas","password":"1ym1b3uq","status":"1","employee_id":5,"role_id":"1"} 

 [2023-01-26T18:51:22.231Z] 
 Level: info 
 Message: User.controllers.ts (data-access) getUser 

 [2023-01-26T18:52:27.643Z] 
 Level: info 
 Message: User.controllers.ts (data-access) deleteUser - Request : {"id":"55"} 

 [2023-01-26T18:52:28.808Z] 
 Level: info 
 Message: User.controllers.ts (data-access) getUser 

 [2023-01-26T18:52:28.818Z] 
 Level: info 
 Message: User.controllers.ts (data-access) getUser 

 [2023-01-26T18:52:28.820Z] 
 Level: info 
 Message: employee.controllers.ts (data-access) getEmployee 

 [2023-01-26T18:52:28.822Z] 
 Level: info 
 Message: Role.controllers.ts (data-access) getRole 

 [2023-01-26T18:52:28.824Z] 
 Level: info 
 Message: employee.controllers.ts (data-access) getEmployee 

 [2023-01-26T18:52:28.829Z] 
 Level: info 
 Message: employee.controllers.ts (data-access) getEmployee 

 [2023-01-26T18:52:28.831Z] 
 Level: info 
 Message: Role.controllers.ts (data-access) getRole 

 [2023-01-26T18:52:28.832Z] 
 Level: info 
 Message: employee.controllers.ts (data-access) getEmployee 

 [2023-01-26T18:52:36.197Z] 
 Level: info 
 Message: Email: [object Object] 

 [2023-01-26T18:52:36.206Z] 
 Level: info 
 Message: User.controllers.ts (data-access) createUser - Request : {"login_name":"asas","password":"rki6gvud","status":"1","employee_id":5,"role_id":"1"} 

 [2023-01-26T18:52:36.228Z] 
 Level: info 
 Message: User.controllers.ts (data-access) getUser 

 [2023-01-26T18:54:16.937Z] 
 Level: info 
 Message: User.controllers.ts (data-access) deleteUser - Request : {"id":"56"} 

 [2023-01-26T18:54:19.931Z] 
 Level: info 
 Message: User.controllers.ts (data-access) getUser 

 [2023-01-26T18:54:19.940Z] 
 Level: info 
 Message: Role.controllers.ts (data-access) getRole 

 [2023-01-26T18:54:19.949Z] 
 Level: info 
 Message: employee.controllers.ts (data-access) getEmployee 

 [2023-01-26T18:54:19.951Z] 
 Level: info 
 Message: employee.controllers.ts (data-access) getEmployee 

 [2023-01-26T18:54:19.954Z] 
 Level: info 
 Message: User.controllers.ts (data-access) getUser 

 [2023-01-26T18:54:19.958Z] 
 Level: info 
 Message: Role.controllers.ts (data-access) getRole 

 [2023-01-26T18:54:19.961Z] 
 Level: info 
 Message: employee.controllers.ts (data-access) getEmployee 

 [2023-01-26T18:54:19.962Z] 
 Level: info 
 Message: employee.controllers.ts (data-access) getEmployee 

 [2023-01-26T18:54:34.162Z] 
 Level: info 
 Message: Email: [object Object] 

 [2023-01-26T18:54:34.171Z] 
 Level: info 
 Message: User.controllers.ts (data-access) createUser - Request : {"login_name":"asasas","password":"fpr47h8g","status":"1","employee_id":5,"role_id":"1"} 

 [2023-01-26T18:54:34.200Z] 
 Level: info 
 Message: User.controllers.ts (data-access) getUser 

 [2023-01-26T18:55:04.759Z] 
 Level: info 
 Message: User.controllers.ts (data-access) deleteUser - Request : {"id":"57"} 

 [2023-01-26T18:55:06.027Z] 
 Level: info 
 Message: User.controllers.ts (data-access) getUser 

 [2023-01-26T18:55:06.036Z] 
 Level: info 
 Message: employee.controllers.ts (data-access) getEmployee 

 [2023-01-26T18:55:06.038Z] 
 Level: info 
 Message: employee.controllers.ts (data-access) getEmployee 

 [2023-01-26T18:55:06.040Z] 
 Level: info 
 Message: employee.controllers.ts (data-access) getEmployee 

 [2023-01-26T18:55:06.042Z] 
 Level: info 
 Message: Role.controllers.ts (data-access) getRole 

 [2023-01-26T18:55:06.047Z] 
 Level: info 
 Message: User.controllers.ts (data-access) getUser 

 [2023-01-26T18:55:06.048Z] 
 Level: info 
 Message: employee.controllers.ts (data-access) getEmployee 

 [2023-01-26T18:55:06.050Z] 
 Level: info 
 Message: Role.controllers.ts (data-access) getRole 

 [2023-01-26T18:55:22.448Z] 
 Level: info 
 Message: [object Object] 

 [2023-01-26T18:55:22.456Z] 
 Level: info 
 Message: User.controllers.ts (data-access) createUser - Request : {"login_name":"ASAS","password":"g99jd84y","status":"1","employee_id":5,"role_id":"1"} 

 [2023-01-26T18:55:22.482Z] 
 Level: info 
 Message: User.controllers.ts (data-access) getUser 

 [2023-01-26T18:57:45.816Z] 
 Level: info 
 Message: User.controllers.ts (data-access) deleteUser - Request : {"id":"58"} 

 [2023-01-26T18:57:52.503Z] 
 Level: info 
 Message: [object Object] 

 [2023-01-26T18:57:52.504Z] 
 Level: info 
 Message: email: [{"email":"varas.santiago@live.com"}] 

 [2023-01-26T18:57:52.513Z] 
 Level: info 
 Message: User.controllers.ts (data-access) createUser - Request : {"login_name":"asas","password":"15cnoppq","status":"1","employee_id":5,"role_id":"1"} 

 [2023-01-26T18:57:52.534Z] 
 Level: info 
 Message: User.controllers.ts (data-access) getUser 

 [2023-01-26T18:58:23.649Z] 
 Level: info 
 Message: User.controllers.ts (data-access) deleteUser - Request : {"id":"59"} 

 [2023-01-26T18:58:24.654Z] 
 Level: info 
 Message: User.controllers.ts (data-access) getUser 

 [2023-01-26T18:58:24.664Z] 
 Level: info 
 Message: employee.controllers.ts (data-access) getEmployee 

 [2023-01-26T18:58:24.666Z] 
 Level: info 
 Message: Role.controllers.ts (data-access) getRole 

 [2023-01-26T18:58:24.668Z] 
 Level: info 
 Message: employee.controllers.ts (data-access) getEmployee 

 [2023-01-26T18:58:24.670Z] 
 Level: info 
 Message: employee.controllers.ts (data-access) getEmployee 

 [2023-01-26T18:58:24.674Z] 
 Level: info 
 Message: employee.controllers.ts (data-access) getEmployee 

 [2023-01-26T18:58:24.676Z] 
 Level: info 
 Message: User.controllers.ts (data-access) getUser 

 [2023-01-26T18:58:24.679Z] 
 Level: info 
 Message: Role.controllers.ts (data-access) getRole 

 [2023-01-26T18:58:30.987Z] 
 Level: info 
 Message: [object Object] 

 [2023-01-26T18:58:30.988Z] 
 Level: info 
 Message: email: undefined 

 [2023-01-26T18:58:30.997Z] 
 Level: info 
 Message: User.controllers.ts (data-access) createUser - Request : {"login_name":"asas","password":"dt7dmynh","status":"1","employee_id":5,"role_id":"1"} 

 [2023-01-26T18:58:31.015Z] 
 Level: info 
 Message: User.controllers.ts (data-access) getUser 

 [2023-01-26T18:58:52.602Z] 
 Level: info 
 Message: User.controllers.ts (data-access) deleteUser - Request : {"id":"60"} 

 [2023-01-26T18:58:54.390Z] 
 Level: info 
 Message: User.controllers.ts (data-access) getUser 

 [2023-01-26T18:58:54.398Z] 
 Level: info 
 Message: User.controllers.ts (data-access) getUser 

 [2023-01-26T18:58:54.400Z] 
 Level: info 
 Message: Role.controllers.ts (data-access) getRole 

 [2023-01-26T18:58:54.402Z] 
 Level: info 
 Message: employee.controllers.ts (data-access) getEmployee 

 [2023-01-26T18:58:54.404Z] 
 Level: info 
 Message: employee.controllers.ts (data-access) getEmployee 

 [2023-01-26T18:58:54.408Z] 
 Level: info 
 Message: employee.controllers.ts (data-access) getEmployee 

 [2023-01-26T18:58:54.410Z] 
 Level: info 
 Message: employee.controllers.ts (data-access) getEmployee 

 [2023-01-26T18:58:54.411Z] 
 Level: info 
 Message: Role.controllers.ts (data-access) getRole 

 [2023-01-26T18:59:06.039Z] 
 Level: info 
 Message: [object Object] 

 [2023-01-26T18:59:06.040Z] 
 Level: info 
 Message: email: "varas.santiago@live.com" 

 [2023-01-26T18:59:06.049Z] 
 Level: info 
 Message: User.controllers.ts (data-access) createUser - Request : {"login_name":"asas","password":"1535sjb4","status":"1","employee_id":5,"role_id":"1"} 

 [2023-01-26T18:59:06.079Z] 
 Level: info 
 Message: User.controllers.ts (data-access) getUser 

 [2023-01-26T19:00:29.073Z] 
 Level: info 
 Message: User.controllers.ts (data-access) deleteUser - Request : {"id":"61"} 

 [2023-01-26T19:00:29.968Z] 
 Level: info 
 Message: User.controllers.ts (data-access) getUser 

 [2023-01-26T19:00:29.975Z] 
 Level: info 
 Message: employee.controllers.ts (data-access) getEmployee 

 [2023-01-26T19:00:29.977Z] 
 Level: info 
 Message: employee.controllers.ts (data-access) getEmployee 

 [2023-01-26T19:00:29.981Z] 
 Level: info 
 Message: Role.controllers.ts (data-access) getRole 

 [2023-01-26T19:00:29.997Z] 
 Level: info 
 Message: User.controllers.ts (data-access) getUser 

 [2023-01-26T19:00:29.998Z] 
 Level: info 
 Message: employee.controllers.ts (data-access) getEmployee 

 [2023-01-26T19:00:30.001Z] 
 Level: info 
 Message: employee.controllers.ts (data-access) getEmployee 

 [2023-01-26T19:00:30.004Z] 
 Level: info 
 Message: Role.controllers.ts (data-access) getRole 

 [2023-01-26T19:00:38.586Z] 
 Level: info 
 Message: [object Object] 

 [2023-01-26T19:00:38.634Z] 
 Level: info 
 Message: User.controllers.ts (data-access) createUser - Request : {"login_name":"asas","password":"0jzc1s6v","status":"1","employee_id":5,"role_id":"1"} 

 [2023-01-26T19:00:38.662Z] 
 Level: info 
 Message: User.controllers.ts (data-access) getUser 

 [2023-01-26T19:01:51.409Z] 
 Level: info 
 Message: User.controllers.ts (data-access) getUser 

 [2023-01-26T19:01:51.411Z] 
 Level: info 
 Message: employee.controllers.ts (data-access) getEmployee 

 [2023-01-26T19:01:51.413Z] 
 Level: info 
 Message: Role.controllers.ts (data-access) getRole 

 [2023-01-26T19:01:51.415Z] 
 Level: error 
 Message: employee.controllers.ts (data-access) getEmployee - Error: No existen empleados disponibles 

 [2023-01-26T19:52:52.426Z] 
 Level: info 
 Message: employee.controllers.ts (data-access) getEmployee 

 [2023-01-26T19:52:52.435Z] 
 Level: info 
 Message: employee.controllers.ts (data-access) getEmployee 

 [2023-01-26T19:52:52.454Z] 
 Level: info 
 Message: company.controllers.ts (data-access) getCompany 

 [2023-01-26T19:52:52.455Z] 
 Level: info 
 Message: company.controllers.ts (data-access) getCompany 

 [2023-01-26T19:52:55.888Z] 
 Level: info 
 Message: employee.controllers.ts (data-access) getEmployee 

 [2023-01-26T19:52:55.891Z] 
 Level: info 
 Message: User.controllers.ts (data-access) getUser 

 [2023-01-26T19:52:55.896Z] 
 Level: error 
 Message: employee.controllers.ts (data-access) getEmployee - Error: No existen empleados disponibles 

 [2023-01-26T19:52:55.899Z] 
 Level: info 
 Message: Role.controllers.ts (data-access) getRole 

 [2023-01-26T19:52:55.914Z] 
 Level: info 
 Message: User.controllers.ts (data-access) getUser 

 [2023-01-26T19:52:55.917Z] 
 Level: info 
 Message: employee.controllers.ts (data-access) getEmployee 

 [2023-01-26T19:52:55.919Z] 
 Level: info 
 Message: Role.controllers.ts (data-access) getRole 

 [2023-01-26T19:52:55.926Z] 
 Level: error 
 Message: employee.controllers.ts (data-access) getEmployee - Error: No existen empleados disponibles 

 [2023-01-26T20:03:04.695Z] 
 Level: error 
 Message: Client.controllers.ts (data-access) getClient - Error: No existen Clients disponibles 

 [2023-01-26T20:03:24.716Z] 
 Level: info 
 Message: Client.controllers.ts (data-access) createClient - Request : {"name":"Test","cuit":"20123"} 

 [2023-01-26T20:03:24.730Z] 
 Level: info 
 Message: Client.controllers.ts (data-access) getClient 

 [2023-01-26T20:03:27.941Z] 
 Level: info 
 Message: Client.controllers.ts (data-access) getClient 

 [2023-01-26T20:03:27.947Z] 
 Level: info 
 Message: Client.controllers.ts (data-access) getClient 

 [2023-01-26T20:03:35.906Z] 
 Level: info 
 Message: Client.controllers.ts (data-access) updateClient - Request : {"name":"Testasa","cuit":"20123"} 

 [2023-01-26T20:03:39.122Z] 
 Level: info 
 Message: Client.controllers.ts (data-access) deleteClient - Request : {"id":"10"} 

 [2023-01-26T20:03:46.274Z] 
 Level: info 
 Message: Client.controllers.ts (data-access) createClient - Request : {"name":"Test","cuit":"123"} 

 [2023-01-26T20:03:46.316Z] 
 Level: info 
 Message: Client.controllers.ts (data-access) getClient 

 [2023-01-26T20:03:54.376Z] 
 Level: info 
 Message: company.controllers.ts (data-access) getCompany 

 [2023-01-26T20:03:54.383Z] 
 Level: info 
 Message: Client.controllers.ts (data-access) getClient 

 [2023-01-26T20:03:54.386Z] 
 Level: info 
 Message: Client.controllers.ts (data-access) getClient 

 [2023-01-26T20:03:54.409Z] 
 Level: info 
 Message: company.controllers.ts (data-access) getCompany 

 [2023-01-26T20:13:35.722Z] 
 Level: error 
 Message: Project.controllers.ts (data-access) getProject - Error: No existen Projects disponibles 

 [2023-01-26T20:13:48.349Z] 
 Level: info 
 Message: Project.controllers.ts (data-access) createProject - Request : {"name":"asasasa","client_id":"11","company_id":"1","start_date":"2023-01-26","end_date":"2023-01-26"} 

 [2023-01-26T20:13:48.366Z] 
 Level: info 
 Message: Project.controllers.ts (data-access) getProject 

 [2023-01-26T20:13:54.554Z] 
 Level: info 
 Message: Project.controllers.ts (data-access) updateProject - Request : {"name":"asasasa","client_id":11,"company_id":1,"start_date":"2023-01-27","end_date":"2023-01-26"} 

 [2023-01-26T20:13:58.586Z] 
 Level: info 
 Message: Project.controllers.ts (data-access) getProject 

 [2023-01-26T20:13:58.593Z] 
 Level: info 
 Message: Client.controllers.ts (data-access) getClient 

 [2023-01-26T20:13:58.604Z] 
 Level: info 
 Message: company.controllers.ts (data-access) getCompany 

 [2023-01-26T20:13:58.625Z] 
 Level: info 
 Message: Project.controllers.ts (data-access) getProject 

 [2023-01-26T20:13:58.631Z] 
 Level: info 
 Message: company.controllers.ts (data-access) getCompany 

 [2023-01-26T20:13:58.633Z] 
 Level: info 
 Message: Client.controllers.ts (data-access) getClient 

 [2023-01-26T20:14:02.282Z] 
 Level: info 
 Message: Project.controllers.ts (data-access) deleteProject - Request : {"id":"46"} 

 [2023-01-26T20:14:08.239Z] 
 Level: error 
 Message: Project.controllers.ts (data-access) getProject - Error: No existen Projects disponibles 

 [2023-01-26T20:14:08.242Z] 
 Level: info 
 Message: Client.controllers.ts (data-access) getClient 

 [2023-01-26T20:14:08.247Z] 
 Level: info 
 Message: company.controllers.ts (data-access) getCompany 

 [2023-01-26T20:14:08.252Z] 
 Level: error 
 Message: Project.controllers.ts (data-access) getProject - Error: No existen Projects disponibles 

 [2023-01-26T20:14:08.254Z] 
 Level: info 
 Message: Client.controllers.ts (data-access) getClient 

 [2023-01-26T20:14:08.259Z] 
 Level: info 
 Message: company.controllers.ts (data-access) getCompany 

 [2023-01-26T20:14:20.560Z] 
 Level: info 
 Message: Project.controllers.ts (data-access) createProject - Request : {"name":"asasas","client_id":"11","company_id":"2","start_date":"2023-01-01","end_date":"2023-01-31"} 

 [2023-01-26T20:14:20.596Z] 
 Level: info 
 Message: Project.controllers.ts (data-access) getProject 

 [2023-01-26T20:14:23.507Z] 
 Level: info 
 Message: Project.controllers.ts (data-access) updateProject - Request : {"name":"asasas","client_id":11,"company_id":2,"start_date":"2023-01-01","end_date":"2023-01-31"} 

 [2023-01-26T20:14:26.695Z] 
 Level: info 
 Message: Project.controllers.ts (data-access) getProject 

 [2023-01-26T20:14:26.705Z] 
 Level: info 
 Message: Client.controllers.ts (data-access) getClient 

 [2023-01-26T20:14:26.708Z] 
 Level: info 
 Message: company.controllers.ts (data-access) getCompany 

 [2023-01-26T20:14:26.733Z] 
 Level: info 
 Message: Project.controllers.ts (data-access) getProject 

 [2023-01-26T20:14:26.735Z] 
 Level: info 
 Message: Client.controllers.ts (data-access) getClient 

 [2023-01-26T20:14:26.737Z] 
 Level: info 
 Message: company.controllers.ts (data-access) getCompany 

 [2023-01-26T20:14:34.489Z] 
 Level: info 
 Message: Project.controllers.ts (data-access) updateProject - Request : {"name":"asasas","client_id":11,"company_id":"1","start_date":"2023-01-01","end_date":"2023-01-31"} 

 [2023-01-26T20:14:36.820Z] 
 Level: info 
 Message: Project.controllers.ts (data-access) getProject 

 [2023-01-26T20:14:36.823Z] 
 Level: info 
 Message: Client.controllers.ts (data-access) getClient 

 [2023-01-26T20:14:36.832Z] 
 Level: info 
 Message: company.controllers.ts (data-access) getCompany 

 [2023-01-26T20:14:36.850Z] 
 Level: info 
 Message: Project.controllers.ts (data-access) getProject 

 [2023-01-26T20:14:36.852Z] 
 Level: info 
 Message: Client.controllers.ts (data-access) getClient 

 [2023-01-26T20:14:36.855Z] 
 Level: info 
 Message: company.controllers.ts (data-access) getCompany 

 [2023-01-26T20:14:47.834Z] 
 Level: info 
 Message: Project.controllers.ts (data-access) updateProject - Request : {"name":"Test","client_id":11,"company_id":1,"start_date":"2023-01-01","end_date":"2023-01-31"} 

 [2023-01-26T20:14:53.785Z] 
 Level: info 
 Message: Client.controllers.ts (data-access) getClient 

 [2023-01-26T20:14:53.799Z] 
 Level: info 
 Message: Client.controllers.ts (data-access) getClient 

 [2023-01-26T20:37:32.872Z] 
 Level: info 
 Message: Referente.controllers.ts (data-access) createMainEntity - Request : {"full_name":"Test","client_id":"11","email":"test","role":"asas"} 

 [2023-01-26T20:37:32.886Z] 
 Level: info 
 Message: Referente.controllers.ts (data-access) getMainEntity 

 [2023-01-26T20:37:51.124Z] 
 Level: info 
 Message: Referente.controllers.ts (data-access) updateMainEntity - Request : {"full_name":"Test","client_id":11,"email":"testasas","role":"asas"} 

 [2023-01-26T20:37:55.261Z] 
 Level: info 
 Message: Referente.controllers.ts (data-access) deleteMainEntity - Request : {"id":"3"} 

 [2023-01-26T20:38:01.775Z] 
 Level: info 
 Message: Referente.controllers.ts (data-access) createMainEntity - Request : {"full_name":"asas","client_id":"11","email":"as","role":"as"} 

 [2023-01-26T20:38:01.802Z] 
 Level: info 
 Message: Referente.controllers.ts (data-access) getMainEntity 

 [2023-01-26T20:38:40.653Z] 
 Level: info 
 Message: Referente.controllers.ts (data-access) deleteMainEntity - Request : {"id":"4"} 

 [2023-01-26T20:38:45.087Z] 
 Level: error 
 Message: Client.controllers.ts (data-access) getClientById - QueryFailedError: ER_BAD_FIELD_ERROR: Unknown column 'NaN' in 'where clause' - Request : {"id":"names"} 

 [2023-01-26T20:38:45.102Z] 
 Level: error 
 Message: Project.controllers.ts (data-access) getProjectById - QueryFailedError: ER_BAD_FIELD_ERROR: Unknown column 'NaN' in 'where clause' - Request : {"id":"names"} 

 [2023-01-26T20:38:45.107Z] 
 Level: error 
 Message: employee.controllers.ts (data-access) getEmployeeById - QueryFailedError: ER_BAD_FIELD_ERROR: Unknown column 'NaN' in 'where clause' - Request : {"id":"names"} 

 [2023-01-26T20:38:45.111Z] 
 Level: error 
 Message: employee.controllers.ts (data-access) getEmployeeById - QueryFailedError: ER_BAD_FIELD_ERROR: Unknown column 'NaN' in 'where clause' - Request : {"id":"names"} 

 [2023-01-26T20:38:45.112Z] 
 Level: error 
 Message: Client.controllers.ts (data-access) getClientById - QueryFailedError: ER_BAD_FIELD_ERROR: Unknown column 'NaN' in 'where clause' - Request : {"id":"names"} 

 [2023-01-26T20:38:45.114Z] 
 Level: error 
 Message: Project.controllers.ts (data-access) getProjectById - QueryFailedError: ER_BAD_FIELD_ERROR: Unknown column 'NaN' in 'where clause' - Request : {"id":"names"} 

 [2023-01-26T20:52:16.615Z] 
 Level: error 
 Message: Client.controllers.ts (data-access) getClientById - QueryFailedError: ER_BAD_FIELD_ERROR: Unknown column 'NaN' in 'where clause' - Request : {"id":"names"} 

 [2023-01-26T20:52:16.627Z] 
 Level: error 
 Message: employee.controllers.ts (data-access) getEmployeeById - QueryFailedError: ER_BAD_FIELD_ERROR: Unknown column 'NaN' in 'where clause' - Request : {"id":"names"} 

 [2023-01-26T20:52:16.628Z] 
 Level: error 
 Message: Project.controllers.ts (data-access) getProjectById - QueryFailedError: ER_BAD_FIELD_ERROR: Unknown column 'NaN' in 'where clause' - Request : {"id":"names"} 

 [2023-01-26T20:52:16.632Z] 
 Level: error 
 Message: Project.controllers.ts (data-access) getProjectById - QueryFailedError: ER_BAD_FIELD_ERROR: Unknown column 'NaN' in 'where clause' - Request : {"id":"names"} 

 [2023-01-26T20:52:16.635Z] 
 Level: error 
 Message: Client.controllers.ts (data-access) getClientById - QueryFailedError: ER_BAD_FIELD_ERROR: Unknown column 'NaN' in 'where clause' - Request : {"id":"names"} 

 [2023-01-26T20:52:16.636Z] 
 Level: error 
 Message: employee.controllers.ts (data-access) getEmployeeById - QueryFailedError: ER_BAD_FIELD_ERROR: Unknown column 'NaN' in 'where clause' - Request : {"id":"names"} 

 [2023-01-26T20:52:17.153Z] 
 Level: error 
 Message: Client.controllers.ts (data-access) getClientById - QueryFailedError: ER_BAD_FIELD_ERROR: Unknown column 'NaN' in 'where clause' - Request : {"id":"names"} 

 [2023-01-26T20:52:17.157Z] 
 Level: error 
 Message: Asignación.controllers.ts (data-access) getMainEntity - Error: No existen Asignaciones disponibles 

 [2023-01-26T20:52:17.161Z] 
 Level: error 
 Message: employee.controllers.ts (data-access) getEmployeeById - QueryFailedError: ER_BAD_FIELD_ERROR: Unknown column 'NaN' in 'where clause' - Request : {"id":"names"} 

 [2023-01-26T20:52:17.163Z] 
 Level: error 
 Message: Project.controllers.ts (data-access) getProjectById - QueryFailedError: ER_BAD_FIELD_ERROR: Unknown column 'NaN' in 'where clause' - Request : {"id":"names"} 

 [2023-01-26T20:52:17.172Z] 
 Level: error 
 Message: Asignación.controllers.ts (data-access) getMainEntity - Error: No existen Asignaciones disponibles 

 [2023-01-26T20:52:17.174Z] 
 Level: error 
 Message: Client.controllers.ts (data-access) getClientById - QueryFailedError: ER_BAD_FIELD_ERROR: Unknown column 'NaN' in 'where clause' - Request : {"id":"names"} 

 [2023-01-26T20:52:17.179Z] 
 Level: error 
 Message: employee.controllers.ts (data-access) getEmployeeById - QueryFailedError: ER_BAD_FIELD_ERROR: Unknown column 'NaN' in 'where clause' - Request : {"id":"names"} 

 [2023-01-26T20:52:17.190Z] 
 Level: error 
 Message: Project.controllers.ts (data-access) getProjectById - QueryFailedError: ER_BAD_FIELD_ERROR: Unknown column 'NaN' in 'where clause' - Request : {"id":"names"} 

 [2023-01-26T20:52:24.392Z] 
 Level: info 
 Message: Project.controllers.ts (data-access) getProject 

 [2023-01-26T20:52:24.400Z] 
 Level: info 
 Message: Project.controllers.ts (data-access) getProject 

 [2023-01-26T20:52:24.401Z] 
 Level: info 
 Message: Client.controllers.ts (data-access) getClient 

 [2023-01-26T20:52:24.403Z] 
 Level: info 
 Message: company.controllers.ts (data-access) getCompany 

 [2023-01-26T20:52:24.405Z] 
 Level: info 
 Message: Client.controllers.ts (data-access) getClient 

 [2023-01-26T20:52:24.407Z] 
 Level: info 
 Message: company.controllers.ts (data-access) getCompany 

 [2023-01-26T20:52:29.050Z] 
 Level: error 
 Message: Asignación.controllers.ts (data-access) getMainEntity - Error: No existen Asignaciones disponibles 

 [2023-01-26T20:52:29.051Z] 
 Level: error 
 Message: Client.controllers.ts (data-access) getClientById - QueryFailedError: ER_BAD_FIELD_ERROR: Unknown column 'NaN' in 'where clause' - Request : {"id":"names"} 

 [2023-01-26T20:52:29.054Z] 
 Level: error 
 Message: employee.controllers.ts (data-access) getEmployeeById - QueryFailedError: ER_BAD_FIELD_ERROR: Unknown column 'NaN' in 'where clause' - Request : {"id":"names"} 

 [2023-01-26T20:52:29.059Z] 
 Level: error 
 Message: Project.controllers.ts (data-access) getProjectById - QueryFailedError: ER_BAD_FIELD_ERROR: Unknown column 'NaN' in 'where clause' - Request : {"id":"names"} 

 [2023-01-26T20:52:29.071Z] 
 Level: error 
 Message: Asignación.controllers.ts (data-access) getMainEntity - Error: No existen Asignaciones disponibles 

 [2023-01-26T20:52:29.075Z] 
 Level: error 
 Message: employee.controllers.ts (data-access) getEmployeeById - QueryFailedError: ER_BAD_FIELD_ERROR: Unknown column 'NaN' in 'where clause' - Request : {"id":"names"} 

 [2023-01-26T20:52:29.076Z] 
 Level: error 
 Message: Client.controllers.ts (data-access) getClientById - QueryFailedError: ER_BAD_FIELD_ERROR: Unknown column 'NaN' in 'where clause' - Request : {"id":"names"} 

 [2023-01-26T20:52:29.082Z] 
 Level: error 
 Message: Project.controllers.ts (data-access) getProjectById - QueryFailedError: ER_BAD_FIELD_ERROR: Unknown column 'NaN' in 'where clause' - Request : {"id":"names"} 

 [2023-01-26T20:52:32.248Z] 
 Level: error 
 Message: Client.controllers.ts (data-access) getClientById - QueryFailedError: ER_BAD_FIELD_ERROR: Unknown column 'NaN' in 'where clause' - Request : {"id":"names"} 

 [2023-01-26T20:52:32.250Z] 
 Level: error 
 Message: employee.controllers.ts (data-access) getEmployeeById - QueryFailedError: ER_BAD_FIELD_ERROR: Unknown column 'NaN' in 'where clause' - Request : {"id":"names"} 

 [2023-01-26T20:52:32.252Z] 
 Level: error 
 Message: Project.controllers.ts (data-access) getProjectById - QueryFailedError: ER_BAD_FIELD_ERROR: Unknown column 'NaN' in 'where clause' - Request : {"id":"names"} 

 [2023-01-26T20:52:32.271Z] 
 Level: error 
 Message: Client.controllers.ts (data-access) getClientById - QueryFailedError: ER_BAD_FIELD_ERROR: Unknown column 'NaN' in 'where clause' - Request : {"id":"names"} 

 [2023-01-26T20:52:32.273Z] 
 Level: error 
 Message: Project.controllers.ts (data-access) getProjectById - QueryFailedError: ER_BAD_FIELD_ERROR: Unknown column 'NaN' in 'where clause' - Request : {"id":"names"} 

 [2023-01-26T20:52:32.274Z] 
 Level: error 
 Message: employee.controllers.ts (data-access) getEmployeeById - QueryFailedError: ER_BAD_FIELD_ERROR: Unknown column 'NaN' in 'where clause' - Request : {"id":"names"} 

 [2023-01-26T20:52:34.073Z] 
 Level: error 
 Message: Asignación.controllers.ts (data-access) getMainEntity - Error: No existen Asignaciones disponibles 

 [2023-01-26T20:52:34.080Z] 
 Level: error 
 Message: Client.controllers.ts (data-access) getClientById - QueryFailedError: ER_BAD_FIELD_ERROR: Unknown column 'NaN' in 'where clause' - Request : {"id":"names"} 

 [2023-01-26T20:52:34.083Z] 
 Level: error 
 Message: employee.controllers.ts (data-access) getEmployeeById - QueryFailedError: ER_BAD_FIELD_ERROR: Unknown column 'NaN' in 'where clause' - Request : {"id":"names"} 

 [2023-01-26T20:52:34.084Z] 
 Level: error 
 Message: Project.controllers.ts (data-access) getProjectById - QueryFailedError: ER_BAD_FIELD_ERROR: Unknown column 'NaN' in 'where clause' - Request : {"id":"names"} 

 [2023-01-26T20:52:34.092Z] 
 Level: error 
 Message: Asignación.controllers.ts (data-access) getMainEntity - Error: No existen Asignaciones disponibles 

 [2023-01-26T20:52:34.099Z] 
 Level: error 
 Message: Client.controllers.ts (data-access) getClientById - QueryFailedError: ER_BAD_FIELD_ERROR: Unknown column 'NaN' in 'where clause' - Request : {"id":"names"} 

 [2023-01-26T20:52:34.100Z] 
 Level: error 
 Message: employee.controllers.ts (data-access) getEmployeeById - QueryFailedError: ER_BAD_FIELD_ERROR: Unknown column 'NaN' in 'where clause' - Request : {"id":"names"} 

 [2023-01-26T20:52:34.102Z] 
 Level: error 
 Message: Project.controllers.ts (data-access) getProjectById - QueryFailedError: ER_BAD_FIELD_ERROR: Unknown column 'NaN' in 'where clause' - Request : {"id":"names"} 

 [2023-01-26T20:54:45.156Z] 
 Level: error 
 Message: Asignación.controllers.ts (data-access) getMainEntity - Error: No existen Asignaciones disponibles 

 [2023-01-26T20:54:45.160Z] 
 Level: error 
 Message: Client.controllers.ts (data-access) getClientById - QueryFailedError: ER_BAD_FIELD_ERROR: Unknown column 'NaN' in 'where clause' - Request : {"id":"names"} 

 [2023-01-26T20:54:45.166Z] 
 Level: error 
 Message: Project.controllers.ts (data-access) getProjectById - QueryFailedError: ER_BAD_FIELD_ERROR: Unknown column 'NaN' in 'where clause' - Request : {"id":"names"} 

 [2023-01-26T20:54:45.168Z] 
 Level: error 
 Message: employee.controllers.ts (data-access) getEmployeeById - QueryFailedError: ER_BAD_FIELD_ERROR: Unknown column 'NaN' in 'where clause' - Request : {"id":"names"} 

 [2023-01-26T20:54:55.752Z] 
 Level: error 
 Message: Asignación.controllers.ts (data-access) getMainEntity - Error: No existen Asignaciones disponibles 

 [2023-01-26T20:54:55.758Z] 
 Level: error 
 Message: Client.controllers.ts (data-access) getClientById - QueryFailedError: ER_BAD_FIELD_ERROR: Unknown column 'NaN' in 'where clause' - Request : {"id":"names"} 

 [2023-01-26T20:54:55.771Z] 
 Level: error 
 Message: employee.controllers.ts (data-access) getEmployeeById - QueryFailedError: ER_BAD_FIELD_ERROR: Unknown column 'NaN' in 'where clause' - Request : {"id":"names"} 

 [2023-01-26T20:54:55.798Z] 
 Level: error 
 Message: Project.controllers.ts (data-access) getProjectById - QueryFailedError: ER_BAD_FIELD_ERROR: Unknown column 'NaN' in 'where clause' - Request : {"id":"names"} 

 [2023-01-26T20:54:55.800Z] 
 Level: error 
 Message: employee.controllers.ts (data-access) getEmployeeById - QueryFailedError: ER_BAD_FIELD_ERROR: Unknown column 'NaN' in 'where clause' - Request : {"id":"names"} 

 [2023-01-26T20:54:55.801Z] 
 Level: error 
 Message: Asignación.controllers.ts (data-access) getMainEntity - Error: No existen Asignaciones disponibles 

 [2023-01-26T20:54:55.803Z] 
 Level: error 
 Message: Client.controllers.ts (data-access) getClientById - QueryFailedError: ER_BAD_FIELD_ERROR: Unknown column 'NaN' in 'where clause' - Request : {"id":"names"} 

 [2023-01-26T20:54:55.804Z] 
 Level: error 
 Message: Project.controllers.ts (data-access) getProjectById - QueryFailedError: ER_BAD_FIELD_ERROR: Unknown column 'NaN' in 'where clause' - Request : {"id":"names"} 

 [2023-01-26T20:55:42.520Z] 
 Level: error 
 Message: Asignación.controllers.ts (data-access) getMainEntity - Error: No existen Asignaciones disponibles 

 [2023-01-26T20:55:42.531Z] 
 Level: info 
 Message: Client.controllers.ts (data-access) getClient 

 [2023-01-26T20:55:42.536Z] 
 Level: info 
 Message: employee.controllers.ts (data-access) getEmployee 

 [2023-01-26T20:55:42.541Z] 
 Level: info 
 Message: Project.controllers.ts (data-access) getProject 

 [2023-01-26T20:56:02.518Z] 
 Level: info 
 Message: Asignación.controllers.ts (data-access) createMainEntity - Request : {"project_id":"47","employee_id":"1","start_date":"2023-01-26","end_date":"2023-01-26","start_time":"09:00","end_time":"18:00"} 

 [2023-01-26T20:56:02.538Z] 
 Level: info 
 Message: Asignación.controllers.ts (data-access) getMainEntity 

 [2023-01-26T20:57:51.729Z] 
 Level: info 
 Message: Asignación.controllers.ts (data-access) updateMainEntity - Request : {"project_id":47,"employee_id":1,"start_date":"2023-01-26","end_date":"2023-01-26","start_time":"09:00","end_time":"18:00"} 

 [2023-01-26T21:06:12.786Z] 
 Level: error 
 Message: Asignación.controllers.ts (data-access) getMainEntity - QueryFailedError: ER_BAD_FIELD_ERROR: Unknown column 'Assignment.projectIdId' in 'field list' 

 [2023-01-26T21:06:25.420Z] 
 Level: info 
 Message: Project.controllers.ts (data-access) getProject 

 [2023-01-26T21:06:39.903Z] 
 Level: error 
 Message: Asignación.controllers.ts (data-access) getMainEntity - QueryFailedError: ER_BAD_FIELD_ERROR: Unknown column 'Assignment.projectIdId' in 'field list' 

 [2023-01-26T21:07:18.928Z] 
 Level: info 
 Message: Asignación.controllers.ts (data-access) getMainEntity 

 [2023-01-26T21:13:26.860Z] 
 Level: error 
 Message: Asignación.controllers.ts (data-access) getMainEntity - EntityPropertyNotFoundError: Property "project" was not found in "Assignment". Make sure your query is correct. 

 [2023-01-26T21:14:32.113Z] 
 Level: info 
 Message: Asignación.controllers.ts (data-access) getMainEntity 

 [2023-01-26T21:15:57.694Z] 
 Level: error 
 Message: Asignación.controllers.ts (data-access) getMainEntity - QueryFailedError: ER_BAD_FIELD_ERROR: Unknown column 'Assignment.projectId' in 'field list' 

 [2023-01-26T21:21:28.699Z] 
 Level: info 
 Message: Asignación.controllers.ts (data-access) getMainEntity 

 [2023-01-26T21:22:11.790Z] 
 Level: info 
 Message: Asignación.controllers.ts (data-access) getMainEntity 

 [2023-01-26T21:22:11.805Z] 
 Level: info 
 Message: Asignación.controllers.ts (data-access) getMainEntity 

 [2023-01-26T21:22:11.808Z] 
 Level: info 
 Message: Client.controllers.ts (data-access) getClient 

 [2023-01-26T21:22:11.810Z] 
 Level: info 
 Message: employee.controllers.ts (data-access) getEmployee 

 [2023-01-26T21:22:11.816Z] 
 Level: info 
 Message: Project.controllers.ts (data-access) getProject 

 [2023-01-26T21:22:11.820Z] 
 Level: info 
 Message: employee.controllers.ts (data-access) getEmployee 

 [2023-01-26T21:22:11.822Z] 
 Level: info 
 Message: Client.controllers.ts (data-access) getClient 

 [2023-01-26T21:22:11.823Z] 
 Level: info 
 Message: Project.controllers.ts (data-access) getProject 

 [2023-01-26T21:22:54.787Z] 
 Level: info 
 Message: Asignación.controllers.ts (data-access) getMainEntity 

 [2023-01-26T21:22:54.791Z] 
 Level: info 
 Message: Client.controllers.ts (data-access) getClient 

 [2023-01-26T21:22:54.793Z] 
 Level: info 
 Message: employee.controllers.ts (data-access) getEmployee 

 [2023-01-26T21:22:54.795Z] 
 Level: info 
 Message: Project.controllers.ts (data-access) getProject 

 [2023-01-26T21:23:35.650Z] 
 Level: info 
 Message: Asignación.controllers.ts (data-access) getMainEntity 

 [2023-01-26T21:23:35.656Z] 
 Level: info 
 Message: Client.controllers.ts (data-access) getClient 

 [2023-01-26T21:23:35.658Z] 
 Level: info 
 Message: employee.controllers.ts (data-access) getEmployee 

 [2023-01-26T21:23:35.660Z] 
 Level: info 
 Message: Project.controllers.ts (data-access) getProject 

 [2023-01-26T21:23:46.623Z] 
 Level: info 
 Message: Asignación.controllers.ts (data-access) getMainEntity 

 [2023-01-26T21:23:46.628Z] 
 Level: info 
 Message: Client.controllers.ts (data-access) getClient 

 [2023-01-26T21:23:46.631Z] 
 Level: info 
 Message: employee.controllers.ts (data-access) getEmployee 

 [2023-01-26T21:23:46.633Z] 
 Level: info 
 Message: Project.controllers.ts (data-access) getProject 

 [2023-01-26T21:23:59.463Z] 
 Level: info 
 Message: Client.controllers.ts (data-access) getClient 

 [2023-01-26T21:23:59.468Z] 
 Level: info 
 Message: Client.controllers.ts (data-access) getClient 

 [2023-01-26T21:24:01.509Z] 
 Level: info 
 Message: Project.controllers.ts (data-access) getProject 

 [2023-01-26T21:24:01.515Z] 
 Level: info 
 Message: Client.controllers.ts (data-access) getClient 

 [2023-01-26T21:24:01.517Z] 
 Level: info 
 Message: company.controllers.ts (data-access) getCompany 

 [2023-01-26T21:24:01.521Z] 
 Level: info 
 Message: Project.controllers.ts (data-access) getProject 

 [2023-01-26T21:24:01.526Z] 
 Level: info 
 Message: Client.controllers.ts (data-access) getClient 

 [2023-01-26T21:24:01.529Z] 
 Level: info 
 Message: company.controllers.ts (data-access) getCompany 

 [2023-01-26T21:24:01.894Z] 
 Level: error 
 Message: Referente.controllers.ts (data-access) getMainEntity - Error: No existen Referentes disponibles 

 [2023-01-26T21:24:01.905Z] 
 Level: info 
 Message: Client.controllers.ts (data-access) getClient 

 [2023-01-26T21:24:01.911Z] 
 Level: error 
 Message: Referente.controllers.ts (data-access) getMainEntity - Error: No existen Referentes disponibles 

 [2023-01-26T21:24:01.911Z] 
 Level: info 
 Message: Client.controllers.ts (data-access) getClient 

 [2023-01-26T21:24:03.057Z] 
 Level: info 
 Message: Client.controllers.ts (data-access) getClient 

 [2023-01-26T21:24:03.060Z] 
 Level: info 
 Message: Asignación.controllers.ts (data-access) getMainEntity 

 [2023-01-26T21:24:03.066Z] 
 Level: info 
 Message: employee.controllers.ts (data-access) getEmployee 

 [2023-01-26T21:24:03.067Z] 
 Level: info 
 Message: Project.controllers.ts (data-access) getProject 

 [2023-01-26T21:24:03.075Z] 
 Level: info 
 Message: Asignación.controllers.ts (data-access) getMainEntity 

 [2023-01-26T21:24:03.080Z] 
 Level: info 
 Message: Client.controllers.ts (data-access) getClient 

 [2023-01-26T21:24:03.081Z] 
 Level: info 
 Message: employee.controllers.ts (data-access) getEmployee 

 [2023-01-26T21:24:03.082Z] 
 Level: info 
 Message: Project.controllers.ts (data-access) getProject 

 [2023-01-26T21:25:06.318Z] 
 Level: info 
 Message: Asignación.controllers.ts (data-access) getMainEntity 

 [2023-01-26T21:25:06.323Z] 
 Level: info 
 Message: Client.controllers.ts (data-access) getClient 

 [2023-01-26T21:25:06.325Z] 
 Level: info 
 Message: employee.controllers.ts (data-access) getEmployee 

 [2023-01-26T21:25:06.326Z] 
 Level: info 
 Message: Project.controllers.ts (data-access) getProject 

 [2023-01-26T21:26:33.069Z] 
 Level: info 
 Message: Client.controllers.ts (data-access) getClient 

 [2023-01-26T21:26:33.080Z] 
 Level: info 
 Message: Client.controllers.ts (data-access) getClient 

 [2023-01-26T21:26:36.831Z] 
 Level: info 
 Message: Project.controllers.ts (data-access) getProject 

 [2023-01-26T21:26:36.834Z] 
 Level: info 
 Message: Client.controllers.ts (data-access) getClient 

 [2023-01-26T21:26:36.837Z] 
 Level: info 
 Message: company.controllers.ts (data-access) getCompany 

 [2023-01-26T21:26:36.853Z] 
 Level: info 
 Message: Project.controllers.ts (data-access) getProject 

 [2023-01-26T21:26:36.855Z] 
 Level: info 
 Message: Client.controllers.ts (data-access) getClient 

 [2023-01-26T21:26:36.858Z] 
 Level: info 
 Message: company.controllers.ts (data-access) getCompany 

 [2023-01-26T21:26:37.648Z] 
 Level: info 
 Message: Client.controllers.ts (data-access) getClient 

 [2023-01-26T21:26:37.652Z] 
 Level: error 
 Message: Referente.controllers.ts (data-access) getMainEntity - Error: No existen Referentes disponibles 

 [2023-01-26T21:26:37.662Z] 
 Level: error 
 Message: Referente.controllers.ts (data-access) getMainEntity - Error: No existen Referentes disponibles 

 [2023-01-26T21:26:37.663Z] 
 Level: info 
 Message: Client.controllers.ts (data-access) getClient 

 [2023-01-26T21:26:51.760Z] 
 Level: info 
 Message: Referente.controllers.ts (data-access) createMainEntity - Request : {"full_name":"asas","client_id":"11","email":"asas","role":"asas"} 

 [2023-01-26T21:26:51.790Z] 
 Level: info 
 Message: Referente.controllers.ts (data-access) getMainEntity 

 [2023-01-26T21:26:54.673Z] 
 Level: info 
 Message: Referente.controllers.ts (data-access) deleteMainEntity - Request : {"id":"5"} 

 [2023-01-26T21:26:56.075Z] 
 Level: info 
 Message: Asignación.controllers.ts (data-access) getMainEntity 

 [2023-01-26T21:26:56.079Z] 
 Level: info 
 Message: Client.controllers.ts (data-access) getClient 

 [2023-01-26T21:26:56.083Z] 
 Level: info 
 Message: employee.controllers.ts (data-access) getEmployee 

 [2023-01-26T21:26:56.090Z] 
 Level: info 
 Message: Project.controllers.ts (data-access) getProject 

 [2023-01-26T21:26:56.106Z] 
 Level: info 
 Message: Asignación.controllers.ts (data-access) getMainEntity 

 [2023-01-26T21:26:56.108Z] 
 Level: info 
 Message: Client.controllers.ts (data-access) getClient 

 [2023-01-26T21:26:56.112Z] 
 Level: info 
 Message: employee.controllers.ts (data-access) getEmployee 

 [2023-01-26T21:26:56.114Z] 
 Level: info 
 Message: Project.controllers.ts (data-access) getProject 

 [2023-01-26T21:27:24.887Z] 
 Level: info 
 Message: Asignación.controllers.ts (data-access) getMainEntity 

 [2023-01-26T21:27:24.891Z] 
 Level: info 
 Message: Client.controllers.ts (data-access) getClient 

 [2023-01-26T21:27:24.895Z] 
 Level: info 
 Message: employee.controllers.ts (data-access) getEmployee 

 [2023-01-26T21:27:24.898Z] 
 Level: info 
 Message: Project.controllers.ts (data-access) getProject 

 [2023-01-26T21:27:38.278Z] 
 Level: info 
 Message: Asignación.controllers.ts (data-access) getMainEntity 

 [2023-01-26T21:27:38.282Z] 
 Level: info 
 Message: Client.controllers.ts (data-access) getClient 

 [2023-01-26T21:27:38.289Z] 
 Level: info 
 Message: employee.controllers.ts (data-access) getEmployee 

 [2023-01-26T21:27:38.291Z] 
 Level: info 
 Message: Project.controllers.ts (data-access) getProject 

 [2023-01-26T21:27:47.714Z] 
 Level: info 
 Message: Asignación.controllers.ts (data-access) getMainEntity 

 [2023-01-26T21:27:47.718Z] 
 Level: info 
 Message: Client.controllers.ts (data-access) getClient 

 [2023-01-26T21:27:47.722Z] 
 Level: info 
 Message: employee.controllers.ts (data-access) getEmployee 

 [2023-01-26T21:27:47.723Z] 
 Level: info 
 Message: Project.controllers.ts (data-access) getProject 

 [2023-01-26T21:30:24.635Z] 
 Level: info 
 Message: Asignación.controllers.ts (data-access) getMainEntity 

 [2023-01-26T21:30:24.648Z] 
 Level: info 
 Message: Client.controllers.ts (data-access) getClient 

 [2023-01-26T21:30:24.650Z] 
 Level: info 
 Message: employee.controllers.ts (data-access) getEmployee 

 [2023-01-26T21:30:24.653Z] 
 Level: info 
 Message: Project.controllers.ts (data-access) getProject 

 [2023-01-26T21:30:39.906Z] 
 Level: info 
 Message: Asignación.controllers.ts (data-access) updateMainEntity - Request : {"project_id":47,"employee_id":1,"start_date":"2023-01-26","end_date":"2023-01-26","start_time":"09:00","end_time":"18:00"} 

 [2023-01-26T21:30:54.718Z] 
 Level: info 
 Message: Project.controllers.ts (data-access) getProject 

 [2023-01-26T21:30:54.723Z] 
 Level: info 
 Message: Client.controllers.ts (data-access) getClient 

 [2023-01-26T21:30:54.727Z] 
 Level: info 
 Message: company.controllers.ts (data-access) getCompany 

 [2023-01-26T21:30:54.731Z] 
 Level: info 
 Message: Project.controllers.ts (data-access) getProject 

 [2023-01-26T21:30:54.736Z] 
 Level: info 
 Message: Client.controllers.ts (data-access) getClient 

 [2023-01-26T21:30:54.738Z] 
 Level: info 
 Message: company.controllers.ts (data-access) getCompany 

 [2023-01-26T21:31:07.221Z] 
 Level: info 
 Message: Project.controllers.ts (data-access) createProject - Request : {"name":"Test2","client_id":"11","company_id":"2","start_date":"2023-01-26","end_date":"2023-01-26"} 

 [2023-01-26T21:31:07.254Z] 
 Level: info 
 Message: Project.controllers.ts (data-access) getProject 

 [2023-01-26T21:31:09.566Z] 
 Level: info 
 Message: Client.controllers.ts (data-access) getClient 

 [2023-01-26T21:31:09.573Z] 
 Level: info 
 Message: Asignación.controllers.ts (data-access) getMainEntity 

 [2023-01-26T21:31:09.579Z] 
 Level: info 
 Message: Project.controllers.ts (data-access) getProject 

 [2023-01-26T21:31:09.580Z] 
 Level: info 
 Message: employee.controllers.ts (data-access) getEmployee 

 [2023-01-26T21:31:09.589Z] 
 Level: info 
 Message: Asignación.controllers.ts (data-access) getMainEntity 

 [2023-01-26T21:31:09.593Z] 
 Level: info 
 Message: Client.controllers.ts (data-access) getClient 

 [2023-01-26T21:31:09.596Z] 
 Level: info 
 Message: employee.controllers.ts (data-access) getEmployee 

 [2023-01-26T21:31:09.597Z] 
 Level: info 
 Message: Project.controllers.ts (data-access) getProject 

 [2023-01-26T21:31:17.918Z] 
 Level: info 
 Message: Asignación.controllers.ts (data-access) updateMainEntity - Request : {"project_id":"48","employee_id":1,"start_date":"2023-01-26","end_date":"2023-01-26","start_time":"09:00","end_time":"18:00"} 

 [2023-01-26T21:31:20.565Z] 
 Level: info 
 Message: Asignación.controllers.ts (data-access) getMainEntity 

 [2023-01-26T21:31:20.571Z] 
 Level: info 
 Message: Client.controllers.ts (data-access) getClient 

 [2023-01-26T21:31:20.575Z] 
 Level: info 
 Message: employee.controllers.ts (data-access) getEmployee 

 [2023-01-26T21:31:20.577Z] 
 Level: info 
 Message: Project.controllers.ts (data-access) getProject 

 [2023-01-26T21:31:20.584Z] 
 Level: info 
 Message: Asignación.controllers.ts (data-access) getMainEntity 

 [2023-01-26T21:31:20.591Z] 
 Level: info 
 Message: Client.controllers.ts (data-access) getClient 

 [2023-01-26T21:31:20.593Z] 
 Level: info 
 Message: employee.controllers.ts (data-access) getEmployee 

 [2023-01-26T21:31:20.594Z] 
 Level: info 
 Message: Project.controllers.ts (data-access) getProject 

 [2023-01-26T21:32:18.746Z] 
 Level: info 
 Message: Asignación.controllers.ts (data-access) getMainEntity 

 [2023-01-26T21:32:18.752Z] 
 Level: info 
 Message: Client.controllers.ts (data-access) getClient 

 [2023-01-26T21:32:18.755Z] 
 Level: info 
 Message: employee.controllers.ts (data-access) getEmployee 

 [2023-01-26T21:32:18.756Z] 
 Level: info 
 Message: Project.controllers.ts (data-access) getProject 

 [2023-01-26T21:32:51.810Z] 
 Level: info 
 Message: Asignación.controllers.ts (data-access) getMainEntity 

 [2023-01-26T21:32:51.814Z] 
 Level: info 
 Message: Client.controllers.ts (data-access) getClient 

 [2023-01-26T21:32:51.823Z] 
 Level: info 
 Message: employee.controllers.ts (data-access) getEmployee 

 [2023-01-26T21:32:51.826Z] 
 Level: info 
 Message: Project.controllers.ts (data-access) getProject 

 [2023-01-26T21:33:05.132Z] 
 Level: info 
 Message: Asignación.controllers.ts (data-access) createMainEntity - Request : {"project_id":"47","employee_id":"5","start_date":"2023-01-26","end_date":"2023-01-26","start_time":"00","end_time":"12"} 

 [2023-01-26T21:33:05.148Z] 
 Level: info 
 Message: Asignación.controllers.ts (data-access) getMainEntity 

